%!Adobe-FontList 1.16
%Locale:0x409

%BeginFont
Handler:DirectoryHandler
FontType:TrueType
FontName:BrandonGrotesque-Bold
FamilyName:Brandon Grotesque
StyleName:Bold
FullName:BrandonGrotesque-Bold
MenuName:Brandon Grotesque Bold
StyleBits:0
WritingScript:Roman
OutlineFileName:G:\SSB project\Exam\Font\BrandonGrotesque-Bold.ttf
DataFormat:sfntData
FileLength:104660
FileModTime:1518278586
WeightClass:450
WidthClass:5
AngleClass:0
NameArray:0,Mac,4,BrandonGrotesque-Bold
NameArray:0,Win,1,Brandon Grotesque Bold
NameArray:0,Win,16,Brandon Grotesque
%EndFont

%BeginFont
Handler:DirectoryHandler
FontType:TrueType
FontName:BrandonGrotesque-Light
FamilyName:Brandon Grotesque
StyleName:Light
FullName:BrandonGrotesque-Light
MenuName:Brandon Grotesque Light
StyleBits:0
WritingScript:Roman
OutlineFileName:G:\SSB project\Exam\Font\BrandonGrotesque-Light.ttf
DataFormat:sfntData
FileLength:101428
FileModTime:1518278586
WeightClass:330
WidthClass:5
AngleClass:0
NameArray:0,Mac,4,BrandonGrotesque-Light
NameArray:0,Win,1,Brandon Grotesque Light
NameArray:0,Win,16,Brandon Grotesque
%EndFont

%BeginFont
Handler:DirectoryHandler
FontType:TrueType
FontName:BrandonGrotesque-Medium
FamilyName:Brandon Grotesque
StyleName:Medium
FullName:BrandonGrotesque-Medium
MenuName:Brandon Grotesque Medium
StyleBits:0
WritingScript:Roman
OutlineFileName:G:\SSB project\Exam\Font\BrandonGrotesque-Medium.ttf
DataFormat:sfntData
FileLength:105596
FileModTime:1518278587
WeightClass:420
WidthClass:5
AngleClass:0
NameArray:0,Mac,4,BrandonGrotesque-Medium
NameArray:0,Win,1,Brandon Grotesque Medium
NameArray:0,Win,16,Brandon Grotesque
%EndFont

%BeginFont
Handler:DirectoryHandler
FontType:TrueType
FontName:BrandonGrotesque-Regular
FamilyName:Brandon Grotesque
StyleName:Regular
FullName:BrandonGrotesque-Regular
MenuName:Brandon Grotesque Regular
StyleBits:0
WritingScript:Roman
OutlineFileName:G:\SSB project\Exam\Font\BrandonGrotesque-Regular.ttf
DataFormat:sfntData
FileLength:105536
FileModTime:1518278587
WeightClass:390
WidthClass:5
AngleClass:0
NameArray:0,Mac,4,BrandonGrotesque-Regular
NameArray:0,Win,1,Brandon Grotesque Regular
NameArray:0,Win,16,Brandon Grotesque
%EndFont

%BeginFont
Handler:DirectoryHandler
FontType:Type1
FontName:Cubano-Regular
FamilyName:Cubano
StyleName:Regular
FullName:Cubano
MenuName:Cubano
StyleBits:0
WritingScript:Roman
OutlineFileName:G:\SSB project\Exam\Font\Cubano.ttf
DataFormat:sfntData
UsesStandardEncoding:yes
isCFF:yes
FileLength:12712
FileModTime:1456151550
WeightClass:400
WidthClass:5
AngleClass:0
NameArray:0,Mac,18,Cubano Regular
NameArray:0,Mac,4,Cubano
NameArray:0,Win,1,Cubano
%EndFont

%BeginFont
Handler:DirectoryHandler
FontType:TrueType
FontName:RQ
FamilyName:R
StyleName:Regular
FullName:R Regular
MenuName:R
StyleBits:0
WritingScript:Roman
OutlineFileName:G:\SSB project\Exam\Font\R Regular.ttf
DataFormat:sfntData
FileLength:9448
FileModTime:1441424728
WeightClass:5
WidthClass:5
AngleClass:0
NameArray:0,Mac,4,R Regular
NameArray:0,Win,1,R
%EndFont

